<?xml version="1.0" encoding="UTF-8"?>
<!-- Generated by org.testng.reporters.JUnitReportReporter -->
<testsuite hostname="Admin" failures="0" tests="2" name="testNGPack2.MethodExecution" time="0.024" errors="0" timestamp="2023-05-24T10:20:45 IST" skipped="0">
  <testcase classname="testNGPack2.MethodExecution" name="method1" time="0.012"/>
  <system-out>
    <![CDATA[18: is a thread ID of method1
method1]]>
  </system-out>
  <testcase classname="testNGPack2.MethodExecution" name="method2" time="0.012"/>
  <system-out>
    <![CDATA[19: is a thread ID of method2
method2]]>
  </system-out>
</testsuite> <!-- testNGPack2.MethodExecution -->
