<?xml version="1.0" encoding="UTF-8"?>
<!-- Generated by org.testng.reporters.JUnitReportReporter -->
<testsuite hostname="Admin" failures="0" tests="1" name="testNGPack2.Test3" time="20.231" errors="0" timestamp="2023-05-24T20:00:13 IST" skipped="0">
  <testcase classname="testNGPack2.Test3" name="testMethod3" time="20.231"/>
  <system-out/>
</testsuite> <!-- testNGPack2.Test3 -->
