<?xml version="1.0" encoding="UTF-8"?>
<!-- Generated by org.testng.reporters.JUnitReportReporter -->
<testsuite hostname="Admin" failures="0" tests="3" name="testNGPack2.DemoTest1" time="0.007" errors="0" timestamp="2023-05-24T19:44:40 IST" skipped="0">
  <testcase classname="testNGPack2.DemoTest1" name="a" time="0.006"/>
  <system-out>
    <![CDATA[a method From DemoTest1]]>
  </system-out>
  <testcase classname="testNGPack2.DemoTest1" name="c" time="0.000"/>
  <system-out>
    <![CDATA[c method From DemoTest1]]>
  </system-out>
  <testcase classname="testNGPack2.DemoTest1" name="b" time="0.001"/>
  <system-out>
    <![CDATA[b method From DemoTest1]]>
  </system-out>
</testsuite> <!-- testNGPack2.DemoTest1 -->
