<?xml version="1.0" encoding="UTF-8"?>
<!-- Generated by org.testng.reporters.JUnitReportReporter -->
<testsuite hostname="Admin" failures="0" tests="1" name="testNGpackage.Sumo" time="0.014" errors="0" timestamp="2023-05-28T13:37:15 IST" skipped="0">
  <testcase classname="testNGpackage.Sumo" name="h" time="0.014"/>
  <system-out>
    <![CDATA[TestNG]]>
  </system-out>
</testsuite> <!-- testNGpackage.Sumo -->
