<?xml version="1.0" encoding="UTF-8"?>
<!-- Generated by org.testng.reporters.JUnitReportReporter -->
<testsuite hostname="Admin" failures="0" tests="10" name="testNGFlags.Flag3" time="0.022" errors="0" timestamp="2023-05-26T10:27:19 IST" skipped="0">
  <testcase classname="testNGFlags.Flag3" name="method1" time="0.001"/>
  <system-out>
    <![CDATA[Login test case]]>
  </system-out>
  <testcase classname="testNGFlags.Flag3" name="method1" time="0.001"/>
  <system-out>
    <![CDATA[Login test case]]>
  </system-out>
  <testcase classname="testNGFlags.Flag3" name="method1" time="0.001"/>
  <system-out>
    <![CDATA[Login test case]]>
  </system-out>
  <testcase classname="testNGFlags.Flag3" name="method1" time="0.001"/>
  <system-out>
    <![CDATA[Login test case]]>
  </system-out>
  <testcase classname="testNGFlags.Flag3" name="method1" time="0.002"/>
  <system-out>
    <![CDATA[Login test case]]>
  </system-out>
  <testcase classname="testNGFlags.Flag3" name="method1" time="0.002"/>
  <system-out>
    <![CDATA[Login test case]]>
  </system-out>
  <testcase classname="testNGFlags.Flag3" name="method1" time="0.001"/>
  <system-out>
    <![CDATA[Login test case]]>
  </system-out>
  <testcase classname="testNGFlags.Flag3" name="method1" time="0.001"/>
  <system-out>
    <![CDATA[Login test case]]>
  </system-out>
  <testcase classname="testNGFlags.Flag3" name="method1" time="0.011"/>
  <system-out>
    <![CDATA[Login test case]]>
  </system-out>
  <testcase classname="testNGFlags.Flag3" name="method1" time="0.001"/>
  <system-out>
    <![CDATA[Login test case]]>
  </system-out>
</testsuite> <!-- testNGFlags.Flag3 -->
