<?xml version="1.0" encoding="UTF-8"?>
<!-- Generated by org.testng.reporters.JUnitReportReporter -->
<testsuite hostname="Admin" failures="0" tests="3" name="testNGFlags.Flag5" time="0.013" errors="0" timestamp="2023-05-28T13:36:44 IST" skipped="0">
  <testcase classname="testNGFlags.Flag5" name="logoutMethod" time="0.002"/>
  <system-out>
    <![CDATA[Logout Performed]]>
  </system-out>
  <testcase classname="testNGFlags.Flag5" name="createUser" time="0.001"/>
  <system-out>
    <![CDATA[User Created]]>
  </system-out>
  <testcase classname="testNGFlags.Flag5" name="loginMethod" time="0.010"/>
  <system-out>
    <![CDATA[Login Performed]]>
  </system-out>
</testsuite> <!-- testNGFlags.Flag5 -->
