<?xml version="1.0" encoding="UTF-8"?>
<!-- Generated by org.testng.reporters.JUnitReportReporter -->
<testsuite hostname="Admin" failures="0" tests="1" name="testNGPack2.SelectBrowser" time="2.120" errors="0" timestamp="2023-05-25T09:48:20 IST" skipped="0">
  <testcase classname="testNGPack2.SelectBrowser" name="method1" time="2.120"/>
  <system-out/>
</testsuite> <!-- testNGPack2.SelectBrowser -->
