<?xml version="1.0" encoding="UTF-8"?>
<!-- Generated by org.testng.reporters.JUnitReportReporter -->
<testsuite hostname="Admin" failures="0" tests="2" name="testNGPack2.SelectBrowser1" time="6.095" errors="0" timestamp="2023-05-25T10:38:20 IST" skipped="0">
  <testcase classname="testNGPack2.SelectBrowser1" name="method1" time="3.901"/>
  <system-out/>
  <testcase classname="testNGPack2.SelectBrowser1" name="method1" time="2.194"/>
  <system-out/>
</testsuite> <!-- testNGPack2.SelectBrowser1 -->
