<?xml version="1.0" encoding="UTF-8"?>
<!-- Generated by org.testng.reporters.JUnitReportReporter -->
<testsuite hostname="Admin" failures="0" tests="1" name="testNGPack2.Test2" time="24.603" errors="0" timestamp="2023-05-24T20:00:13 IST" skipped="0">
  <testcase classname="testNGPack2.Test2" name="testMethod2" time="24.603"/>
  <system-out/>
</testsuite> <!-- testNGPack2.Test2 -->
