<?xml version="1.0" encoding="UTF-8"?>
<!-- Generated by org.testng.reporters.JUnitReportReporter -->
<testsuite hostname="Admin" failures="0" tests="3" name="testNGPack2.DemoTest2" time="0.010" errors="0" timestamp="2023-05-24T19:48:00 IST" skipped="0">
  <testcase classname="testNGPack2.DemoTest2" name="d" time="0.008"/>
  <system-out>
    <![CDATA[d method From DemoTest2]]>
  </system-out>
  <testcase classname="testNGPack2.DemoTest2" name="f" time="0.001"/>
  <system-out>
    <![CDATA[f method From DemoTest2]]>
  </system-out>
  <testcase classname="testNGPack2.DemoTest2" name="e" time="0.001"/>
  <system-out>
    <![CDATA[e method From DemoTest2]]>
  </system-out>
</testsuite> <!-- testNGPack2.DemoTest2 -->
