<?xml version="1.0" encoding="UTF-8"?>
<!-- Generated by org.testng.reporters.JUnitReportReporter -->
<testsuite hostname="Admin" failures="0" tests="1" name="testNGpackage.NewTest" time="0.010" errors="0" timestamp="2023-05-23T21:25:45 IST" skipped="0">
  <testcase classname="testNGpackage.NewTest" name="f" time="0.010"/>
  <system-out>
    <![CDATA[test ng]]>
  </system-out>
</testsuite> <!-- testNGpackage.NewTest -->
