<?xml version="1.0" encoding="UTF-8"?>
<!-- Generated by org.testng.reporters.JUnitReportReporter -->
<testsuite hostname="Admin" failures="0" tests="1" name="testNGFlags.Flag1" time="0.010" errors="0" timestamp="2023-05-26T09:52:36 IST" skipped="0">
  <testcase classname="testNGFlags.Flag1" name="method1" time="0.010"/>
  <system-out>
    <![CDATA[method1 login]]>
  </system-out>
</testsuite> <!-- testNGFlags.Flag1 -->
