<?xml version="1.0" encoding="UTF-8"?>
<!-- Generated by org.testng.reporters.JUnitReportReporter -->
<testsuite hostname="Admin" failures="0" tests="2" name="testNGFlags.Flag2" time="0.013" errors="0" timestamp="2023-05-26T10:11:17 IST" skipped="0">
  <testcase classname="testNGFlags.Flag2" name="method1" time="0.012"/>
  <system-out>
    <![CDATA[login performed!!]]>
  </system-out>
  <testcase classname="testNGFlags.Flag2" name="method2" time="0.001"/>
  <system-out>
    <![CDATA[logout performed!!]]>
  </system-out>
</testsuite> <!-- testNGFlags.Flag2 -->
