<?xml version="1.0" encoding="UTF-8"?>
<!-- Generated by org.testng.reporters.JUnitReportReporter -->
<testsuite hostname="Admin" failures="0" tests="1" name="testNGpackage.Remo" time="0.002" errors="0" timestamp="2023-05-28T13:37:15 IST" skipped="0">
  <testcase classname="testNGpackage.Remo" name="g" time="0.002"/>
  <system-out>
    <![CDATA[Selenium]]>
  </system-out>
</testsuite> <!-- testNGpackage.Remo -->
